[0.412s] Invoking command in '/home/knalum/ros2_ws/build/my_robot_controller': PYTHONPATH=/home/knalum/ros2_ws/build/my_robot_controller/prefix_override:/home/knalum/ros2_ws/install/my_robot_controller/lib/python3.10/site-packages:${PYTHONPATH} /usr/bin/python3 setup.py develop --editable --build-directory /home/knalum/ros2_ws/build/my_robot_controller/build --no-deps install_data
[0.548s] running develop
[0.621s] running egg_info
[0.621s] writing my_robot_controller.egg-info/PKG-INFO
[0.621s] writing dependency_links to my_robot_controller.egg-info/dependency_links.txt
[0.621s] writing entry points to my_robot_controller.egg-info/entry_points.txt
[0.621s] writing requirements to my_robot_controller.egg-info/requires.txt
[0.622s] writing top-level names to my_robot_controller.egg-info/top_level.txt
[0.622s] reading manifest file 'my_robot_controller.egg-info/SOURCES.txt'
[0.623s] writing manifest file 'my_robot_controller.egg-info/SOURCES.txt'
[0.623s] running build_ext
[0.624s] Creating /home/knalum/ros2_ws/install/my_robot_controller/lib/python3.10/site-packages/my-robot-controller.egg-link (link to .)
[0.624s] Installing draw_circle script to /home/knalum/ros2_ws/install/my_robot_controller/lib/my_robot_controller
[0.624s] Installing pose_subscriber script to /home/knalum/ros2_ws/install/my_robot_controller/lib/my_robot_controller
[0.624s] Installing test_node script to /home/knalum/ros2_ws/install/my_robot_controller/lib/my_robot_controller
[0.625s] Installing turtle_controller script to /home/knalum/ros2_ws/install/my_robot_controller/lib/my_robot_controller
[0.625s] 
[0.625s] Installed /home/knalum/ros2_ws/build/my_robot_controller
[0.625s] running install_data
[0.641s] Invoked command in '/home/knalum/ros2_ws/build/my_robot_controller' returned '0': PYTHONPATH=/home/knalum/ros2_ws/build/my_robot_controller/prefix_override:/home/knalum/ros2_ws/install/my_robot_controller/lib/python3.10/site-packages:${PYTHONPATH} /usr/bin/python3 setup.py develop --editable --build-directory /home/knalum/ros2_ws/build/my_robot_controller/build --no-deps install_data
