[0.076s] Invoking command in '/home/knalum/ros2_ws/build/my_robot_control_cpp': CMAKE_PREFIX_PATH=${CMAKE_PREFIX_PATH}:/home/knalum/ros2_ws/install/my_robot_controller:/opt/ros/humble /usr/bin/cmake --build /home/knalum/ros2_ws/build/my_robot_control_cpp -- -j4 -l4
[0.092s] -- Found ament_cmake: 1.3.7 (/opt/ros/humble/share/ament_cmake/cmake)
[0.181s] -- Found rclcpp: 16.0.8 (/opt/ros/humble/share/rclcpp/cmake)
[0.202s] -- Found rosidl_generator_c: 3.1.5 (/opt/ros/humble/share/rosidl_generator_c/cmake)
[0.204s] -- Found rosidl_adapter: 3.1.5 (/opt/ros/humble/share/rosidl_adapter/cmake)
[0.208s] -- Found rosidl_generator_cpp: 3.1.5 (/opt/ros/humble/share/rosidl_generator_cpp/cmake)
[0.216s] -- Using all available rosidl_typesupport_c: rosidl_typesupport_fastrtps_c;rosidl_typesupport_introspection_c
[0.236s] -- Using all available rosidl_typesupport_cpp: rosidl_typesupport_fastrtps_cpp;rosidl_typesupport_introspection_cpp
[0.283s] -- Found rmw_implementation_cmake: 6.1.1 (/opt/ros/humble/share/rmw_implementation_cmake/cmake)
[0.284s] -- Found rmw_fastrtps_cpp: 6.2.6 (/opt/ros/humble/share/rmw_fastrtps_cpp/cmake)
[0.378s] -- Using RMW implementation 'rmw_fastrtps_cpp' as default
[0.503s] [31mCMake Error at /opt/ros/humble/share/ament_cmake_target_dependencies/cmake/ament_target_dependencies.cmake:77 (message):
[0.503s]   ament_target_dependencies() the passed package name 'rclpp' was not found
[0.503s]   before
[0.504s] Call Stack (most recent call first):
[0.504s]   CMakeLists.txt:16 (ament_target_dependencies)
[0.504s] 
[0.504s] [0m
[0.504s] -- Configuring incomplete, errors occurred!
[0.504s] See also "/home/knalum/ros2_ws/build/my_robot_control_cpp/CMakeFiles/CMakeOutput.log".
[0.507s] gmake: *** [Makefile:267: cmake_check_build_system] Error 1
[0.509s] Invoked command in '/home/knalum/ros2_ws/build/my_robot_control_cpp' returned '2': CMAKE_PREFIX_PATH=${CMAKE_PREFIX_PATH}:/home/knalum/ros2_ws/install/my_robot_controller:/opt/ros/humble /usr/bin/cmake --build /home/knalum/ros2_ws/build/my_robot_control_cpp -- -j4 -l4
