[0.074s] Invoking command in '/home/knalum/ros2_ws/build/my_robot_control_cpp': CMAKE_PREFIX_PATH=${CMAKE_PREFIX_PATH}:/home/knalum/ros2_ws/install/my_robot_controller:/opt/ros/humble /usr/bin/cmake --build /home/knalum/ros2_ws/build/my_robot_control_cpp -- -j4 -l4
[0.107s] [35m[1mConsolidate compiler generated dependencies of target publisher[0m
[0.120s] [ 50%] [32mBuilding CXX object CMakeFiles/publisher.dir/src/mypublisher.cpp.o[0m
[1.278s] In file included from [01m[K/opt/ros/humble/include/rclcpp/rclcpp/logging.hpp:24[m[K,
[1.278s]                  from [01m[K/opt/ros/humble/include/rclcpp/rclcpp/client.hpp:40[m[K,
[1.278s]                  from [01m[K/opt/ros/humble/include/rclcpp/rclcpp/callback_group.hpp:24[m[K,
[1.278s]                  from [01m[K/opt/ros/humble/include/rclcpp/rclcpp/any_executable.hpp:20[m[K,
[1.278s]                  from [01m[K/opt/ros/humble/include/rclcpp/rclcpp/memory_strategy.hpp:25[m[K,
[1.278s]                  from [01m[K/opt/ros/humble/include/rclcpp/rclcpp/memory_strategies.hpp:18[m[K,
[1.278s]                  from [01m[K/opt/ros/humble/include/rclcpp/rclcpp/executor_options.hpp:20[m[K,
[1.278s]                  from [01m[K/opt/ros/humble/include/rclcpp/rclcpp/executor.hpp:37[m[K,
[1.278s]                  from [01m[K/opt/ros/humble/include/rclcpp/rclcpp/executors/multi_threaded_executor.hpp:25[m[K,
[1.278s]                  from [01m[K/opt/ros/humble/include/rclcpp/rclcpp/executors.hpp:21[m[K,
[1.278s]                  from [01m[K/opt/ros/humble/include/rclcpp/rclcpp/rclcpp.hpp:155[m[K,
[1.278s]                  from [01m[K/home/knalum/ros2_ws/src/my_robot_control_cpp/src/mypublisher.cpp:1[m[K:
[1.278s] [01m[K/home/knalum/ros2_ws/src/my_robot_control_cpp/src/mypublisher.cpp:[m[K In member function ‘[01m[Kvoid MyPublisher::timer_callback()[m[K’:
[1.278s] [01m[K/home/knalum/ros2_ws/src/my_robot_control_cpp/src/mypublisher.cpp:20:40:[m[K [01;35m[Kwarning: [m[Kformat ‘[01m[K%s[m[K’ expects argument of type ‘[01m[Kchar*[m[K’, but argument 5 has type ‘[01m[Kstd_msgs::msg::String_<std::allocator<void> >::_data_type[m[K’ {aka ‘[01m[Kstd::__cxx11::basic_string<char>[m[K’} [[01;35m[K]8;;https://gcc.gnu.org/onlinedocs/gcc/Warning-Options.html#index-Wformat=-Wformat=]8;;[m[K]
[1.278s]    20 |         RCLCPP_INFO(this->get_logger(),[01;35m[K"Publishing %s"[m[K,message.data);
[1.278s]       |                                        [01;35m[K^~~~~~~~~~~~~~~[m[K
[1.278s] [01m[K/home/knalum/ros2_ws/src/my_robot_control_cpp/src/mypublisher.cpp:20:53:[m[K [01;36m[Knote: [m[Kformat string is defined here
[1.278s]    20 |         RCLCPP_INFO(this->get_logger(),"Publishing [01;36m[K%s[m[K",message.data);
[1.278s]       |                                                    [01;36m[K~^[m[K
[1.278s]       |                                                     [01;36m[K|[m[K
[1.278s]       |                                                     [01;36m[Kchar*[m[K
[2.228s] [100%] [32m[1mLinking CXX executable publisher[0m
[2.334s] [100%] Built target publisher
[2.342s] Invoked command in '/home/knalum/ros2_ws/build/my_robot_control_cpp' returned '0': CMAKE_PREFIX_PATH=${CMAKE_PREFIX_PATH}:/home/knalum/ros2_ws/install/my_robot_controller:/opt/ros/humble /usr/bin/cmake --build /home/knalum/ros2_ws/build/my_robot_control_cpp -- -j4 -l4
[2.370s] Invoking command in '/home/knalum/ros2_ws/build/my_robot_control_cpp': CMAKE_PREFIX_PATH=${CMAKE_PREFIX_PATH}:/home/knalum/ros2_ws/install/my_robot_controller:/opt/ros/humble /usr/bin/cmake --install /home/knalum/ros2_ws/build/my_robot_control_cpp
[2.375s] -- Install configuration: ""
[2.376s] -- Installing: /home/knalum/ros2_ws/install/my_robot_control_cpp/lib/my_robot_control_cpp/publisher
[2.376s] -- Set runtime path of "/home/knalum/ros2_ws/install/my_robot_control_cpp/lib/my_robot_control_cpp/publisher" to ""
[2.376s] -- Up-to-date: /home/knalum/ros2_ws/install/my_robot_control_cpp/share/ament_index/resource_index/package_run_dependencies/my_robot_control_cpp
[2.376s] -- Up-to-date: /home/knalum/ros2_ws/install/my_robot_control_cpp/share/ament_index/resource_index/parent_prefix_path/my_robot_control_cpp
[2.376s] -- Up-to-date: /home/knalum/ros2_ws/install/my_robot_control_cpp/share/my_robot_control_cpp/environment/ament_prefix_path.sh
[2.377s] -- Up-to-date: /home/knalum/ros2_ws/install/my_robot_control_cpp/share/my_robot_control_cpp/environment/ament_prefix_path.dsv
[2.377s] -- Up-to-date: /home/knalum/ros2_ws/install/my_robot_control_cpp/share/my_robot_control_cpp/environment/path.sh
[2.377s] -- Up-to-date: /home/knalum/ros2_ws/install/my_robot_control_cpp/share/my_robot_control_cpp/environment/path.dsv
[2.377s] -- Up-to-date: /home/knalum/ros2_ws/install/my_robot_control_cpp/share/my_robot_control_cpp/local_setup.bash
[2.377s] -- Up-to-date: /home/knalum/ros2_ws/install/my_robot_control_cpp/share/my_robot_control_cpp/local_setup.sh
[2.377s] -- Up-to-date: /home/knalum/ros2_ws/install/my_robot_control_cpp/share/my_robot_control_cpp/local_setup.zsh
[2.377s] -- Up-to-date: /home/knalum/ros2_ws/install/my_robot_control_cpp/share/my_robot_control_cpp/local_setup.dsv
[2.377s] -- Installing: /home/knalum/ros2_ws/install/my_robot_control_cpp/share/my_robot_control_cpp/package.dsv
[2.377s] -- Up-to-date: /home/knalum/ros2_ws/install/my_robot_control_cpp/share/ament_index/resource_index/packages/my_robot_control_cpp
[2.377s] -- Up-to-date: /home/knalum/ros2_ws/install/my_robot_control_cpp/share/my_robot_control_cpp/cmake/my_robot_control_cppConfig.cmake
[2.377s] -- Up-to-date: /home/knalum/ros2_ws/install/my_robot_control_cpp/share/my_robot_control_cpp/cmake/my_robot_control_cppConfig-version.cmake
[2.377s] -- Up-to-date: /home/knalum/ros2_ws/install/my_robot_control_cpp/share/my_robot_control_cpp/package.xml
[2.379s] Invoked command in '/home/knalum/ros2_ws/build/my_robot_control_cpp' returned '0': CMAKE_PREFIX_PATH=${CMAKE_PREFIX_PATH}:/home/knalum/ros2_ws/install/my_robot_controller:/opt/ros/humble /usr/bin/cmake --install /home/knalum/ros2_ws/build/my_robot_control_cpp
