-- Found ament_cmake: 1.3.7 (/opt/ros/humble/share/ament_cmake/cmake)
-- Found rclcpp: 16.0.8 (/opt/ros/humble/share/rclcpp/cmake)
-- Found rosidl_generator_c: 3.1.5 (/opt/ros/humble/share/rosidl_generator_c/cmake)
-- Found rosidl_adapter: 3.1.5 (/opt/ros/humble/share/rosidl_adapter/cmake)
-- Found rosidl_generator_cpp: 3.1.5 (/opt/ros/humble/share/rosidl_generator_cpp/cmake)
-- Using all available rosidl_typesupport_c: rosidl_typesupport_fastrtps_c;rosidl_typesupport_introspection_c
-- Using all available rosidl_typesupport_cpp: rosidl_typesupport_fastrtps_cpp;rosidl_typesupport_introspection_cpp
-- Found rmw_implementation_cmake: 6.1.1 (/opt/ros/humble/share/rmw_implementation_cmake/cmake)
-- Found rmw_fastrtps_cpp: 6.2.6 (/opt/ros/humble/share/rmw_fastrtps_cpp/cmake)
-- Found OpenSSL: /usr/lib/aarch64-linux-gnu/libcrypto.so (found version "3.0.2")  
-- Found FastRTPS: /opt/ros/humble/include  
-- Using RMW implementation 'rmw_fastrtps_cpp' as default
-- Looking for pthread.h
-- Looking for pthread.h - found
-- Performing Test CMAKE_HAVE_LIBC_PTHREAD
-- Performing Test CMAKE_HAVE_LIBC_PTHREAD - Success
-- Found Threads: TRUE  
-- Configuring done
-- Generating done
-- Build files have been written to: /home/knalum/ros2_ws/build/my_robot_control_cpp
-- Install configuration: ""
-- Installing: /home/knalum/ros2_ws/install/my_robot_control_cpp/share/ament_index/resource_index/package_run_dependencies/my_robot_control_cpp
-- Installing: /home/knalum/ros2_ws/install/my_robot_control_cpp/share/ament_index/resource_index/parent_prefix_path/my_robot_control_cpp
-- Installing: /home/knalum/ros2_ws/install/my_robot_control_cpp/share/my_robot_control_cpp/environment/ament_prefix_path.sh
-- Installing: /home/knalum/ros2_ws/install/my_robot_control_cpp/share/my_robot_control_cpp/environment/ament_prefix_path.dsv
-- Installing: /home/knalum/ros2_ws/install/my_robot_control_cpp/share/my_robot_control_cpp/environment/path.sh
-- Installing: /home/knalum/ros2_ws/install/my_robot_control_cpp/share/my_robot_control_cpp/environment/path.dsv
-- Installing: /home/knalum/ros2_ws/install/my_robot_control_cpp/share/my_robot_control_cpp/local_setup.bash
-- Installing: /home/knalum/ros2_ws/install/my_robot_control_cpp/share/my_robot_control_cpp/local_setup.sh
-- Installing: /home/knalum/ros2_ws/install/my_robot_control_cpp/share/my_robot_control_cpp/local_setup.zsh
-- Installing: /home/knalum/ros2_ws/install/my_robot_control_cpp/share/my_robot_control_cpp/local_setup.dsv
-- Installing: /home/knalum/ros2_ws/install/my_robot_control_cpp/share/my_robot_control_cpp/package.dsv
-- Installing: /home/knalum/ros2_ws/install/my_robot_control_cpp/share/ament_index/resource_index/packages/my_robot_control_cpp
-- Installing: /home/knalum/ros2_ws/install/my_robot_control_cpp/share/my_robot_control_cpp/cmake/my_robot_control_cppConfig.cmake
-- Installing: /home/knalum/ros2_ws/install/my_robot_control_cpp/share/my_robot_control_cpp/cmake/my_robot_control_cppConfig-version.cmake
-- Installing: /home/knalum/ros2_ws/install/my_robot_control_cpp/share/my_robot_control_cpp/package.xml
