[0.069s] Invoking command in '/home/knalum/ros2_ws/build/my_robot_control_cpp': CMAKE_PREFIX_PATH=${CMAKE_PREFIX_PATH}:/home/knalum/ros2_ws/install/my_robot_controller:/opt/ros/humble /usr/bin/cmake --build /home/knalum/ros2_ws/build/my_robot_control_cpp -- -j4 -l4
[0.087s] -- Found ament_cmake: 1.3.7 (/opt/ros/humble/share/ament_cmake/cmake)
[0.176s] -- Found rclcpp: 16.0.8 (/opt/ros/humble/share/rclcpp/cmake)
[0.197s] -- Found rosidl_generator_c: 3.1.5 (/opt/ros/humble/share/rosidl_generator_c/cmake)
[0.198s] -- Found rosidl_adapter: 3.1.5 (/opt/ros/humble/share/rosidl_adapter/cmake)
[0.202s] -- Found rosidl_generator_cpp: 3.1.5 (/opt/ros/humble/share/rosidl_generator_cpp/cmake)
[0.210s] -- Using all available rosidl_typesupport_c: rosidl_typesupport_fastrtps_c;rosidl_typesupport_introspection_c
[0.221s] -- Using all available rosidl_typesupport_cpp: rosidl_typesupport_fastrtps_cpp;rosidl_typesupport_introspection_cpp
[0.263s] -- Found rmw_implementation_cmake: 6.1.1 (/opt/ros/humble/share/rmw_implementation_cmake/cmake)
[0.264s] -- Found rmw_fastrtps_cpp: 6.2.6 (/opt/ros/humble/share/rmw_fastrtps_cpp/cmake)
[0.355s] -- Using RMW implementation 'rmw_fastrtps_cpp' as default
[0.477s] -- Found turtlesim: 1.4.2 (/opt/ros/humble/share/turtlesim/cmake)
[0.619s] -- Configuring done
[0.632s] -- Generating done
[0.633s] -- Build files have been written to: /home/knalum/ros2_ws/build/my_robot_control_cpp
[0.654s] [35m[1mConsolidate compiler generated dependencies of target subscriber[0m
[0.654s] [35m[1mConsolidate compiler generated dependencies of target publisher[0m
[0.654s] [35m[1mConsolidate compiler generated dependencies of target pose_subscriber[0m
[0.665s] [ 12%] [32mBuilding CXX object CMakeFiles/draw_circle.dir/src/draw_circle.cpp.o[0m
[0.669s] [ 37%] Built target publisher
[0.671s] [ 62%] Built target pose_subscriber
[0.678s] [ 87%] Built target subscriber
[1.914s] [01m[K/home/knalum/ros2_ws/src/my_robot_control_cpp/src/draw_circle.cpp:[m[K In function ‘[01m[Kint main(int, char**)[m[K’:
[1.914s] [01m[K/home/knalum/ros2_ws/src/my_robot_control_cpp/src/draw_circle.cpp:5:14:[m[K [01;35m[Kwarning: [m[Kunused parameter ‘[01m[Kargc[m[K’ [[01;35m[K]8;;https://gcc.gnu.org/onlinedocs/gcc/Warning-Options.html#index-Wunused-parameter-Wunused-parameter]8;;[m[K]
[1.914s]     5 | int main([01;35m[Kint argc[m[K,char *argv[]){
[1.914s]       |          [01;35m[K~~~~^~~~[m[K
[1.914s] [01m[K/home/knalum/ros2_ws/src/my_robot_control_cpp/src/draw_circle.cpp:5:25:[m[K [01;35m[Kwarning: [m[Kunused parameter ‘[01m[Kargv[m[K’ [[01;35m[K]8;;https://gcc.gnu.org/onlinedocs/gcc/Warning-Options.html#index-Wunused-parameter-Wunused-parameter]8;;[m[K]
[1.914s]     5 | int main(int argc,[01;35m[Kchar *argv[][m[K){
[1.914s]       |                   [01;35m[K~~~~~~^~~~~~[m[K
[2.158s] [100%] [32m[1mLinking CXX executable draw_circle[0m
[2.295s] [100%] Built target draw_circle
[2.303s] Invoked command in '/home/knalum/ros2_ws/build/my_robot_control_cpp' returned '0': CMAKE_PREFIX_PATH=${CMAKE_PREFIX_PATH}:/home/knalum/ros2_ws/install/my_robot_controller:/opt/ros/humble /usr/bin/cmake --build /home/knalum/ros2_ws/build/my_robot_control_cpp -- -j4 -l4
[2.335s] Invoking command in '/home/knalum/ros2_ws/build/my_robot_control_cpp': CMAKE_PREFIX_PATH=${CMAKE_PREFIX_PATH}:/home/knalum/ros2_ws/install/my_robot_controller:/opt/ros/humble /usr/bin/cmake --install /home/knalum/ros2_ws/build/my_robot_control_cpp
[2.341s] -- Install configuration: ""
[2.341s] -- Up-to-date: /home/knalum/ros2_ws/install/my_robot_control_cpp/lib/my_robot_control_cpp/publisher
[2.341s] -- Up-to-date: /home/knalum/ros2_ws/install/my_robot_control_cpp/lib/my_robot_control_cpp/subscriber
[2.341s] -- Up-to-date: /home/knalum/ros2_ws/install/my_robot_control_cpp/lib/my_robot_control_cpp/pose_subscriber
[2.341s] -- Installing: /home/knalum/ros2_ws/install/my_robot_control_cpp/lib/my_robot_control_cpp/draw_circle
[2.341s] -- Set runtime path of "/home/knalum/ros2_ws/install/my_robot_control_cpp/lib/my_robot_control_cpp/draw_circle" to ""
[2.341s] -- Up-to-date: /home/knalum/ros2_ws/install/my_robot_control_cpp/share/ament_index/resource_index/package_run_dependencies/my_robot_control_cpp
[2.342s] -- Up-to-date: /home/knalum/ros2_ws/install/my_robot_control_cpp/share/ament_index/resource_index/parent_prefix_path/my_robot_control_cpp
[2.342s] -- Up-to-date: /home/knalum/ros2_ws/install/my_robot_control_cpp/share/my_robot_control_cpp/environment/ament_prefix_path.sh
[2.342s] -- Installing: /home/knalum/ros2_ws/install/my_robot_control_cpp/share/my_robot_control_cpp/environment/ament_prefix_path.dsv
[2.342s] -- Up-to-date: /home/knalum/ros2_ws/install/my_robot_control_cpp/share/my_robot_control_cpp/environment/path.sh
[2.342s] -- Installing: /home/knalum/ros2_ws/install/my_robot_control_cpp/share/my_robot_control_cpp/environment/path.dsv
[2.342s] -- Up-to-date: /home/knalum/ros2_ws/install/my_robot_control_cpp/share/my_robot_control_cpp/local_setup.bash
[2.342s] -- Up-to-date: /home/knalum/ros2_ws/install/my_robot_control_cpp/share/my_robot_control_cpp/local_setup.sh
[2.342s] -- Up-to-date: /home/knalum/ros2_ws/install/my_robot_control_cpp/share/my_robot_control_cpp/local_setup.zsh
[2.342s] -- Installing: /home/knalum/ros2_ws/install/my_robot_control_cpp/share/my_robot_control_cpp/local_setup.dsv
[2.342s] -- Installing: /home/knalum/ros2_ws/install/my_robot_control_cpp/share/my_robot_control_cpp/package.dsv
[2.342s] -- Up-to-date: /home/knalum/ros2_ws/install/my_robot_control_cpp/share/ament_index/resource_index/packages/my_robot_control_cpp
[2.342s] -- Up-to-date: /home/knalum/ros2_ws/install/my_robot_control_cpp/share/my_robot_control_cpp/cmake/my_robot_control_cppConfig.cmake
[2.342s] -- Up-to-date: /home/knalum/ros2_ws/install/my_robot_control_cpp/share/my_robot_control_cpp/cmake/my_robot_control_cppConfig-version.cmake
[2.342s] -- Up-to-date: /home/knalum/ros2_ws/install/my_robot_control_cpp/share/my_robot_control_cpp/package.xml
[2.347s] Invoked command in '/home/knalum/ros2_ws/build/my_robot_control_cpp' returned '0': CMAKE_PREFIX_PATH=${CMAKE_PREFIX_PATH}:/home/knalum/ros2_ws/install/my_robot_controller:/opt/ros/humble /usr/bin/cmake --install /home/knalum/ros2_ws/build/my_robot_control_cpp
