[0.072s] Invoking command in '/home/knalum/ros2_ws/build/my_robot_control_cpp': CMAKE_PREFIX_PATH=${CMAKE_PREFIX_PATH}:/home/knalum/ros2_ws/install/my_robot_controller:/opt/ros/humble /usr/bin/cmake --build /home/knalum/ros2_ws/build/my_robot_control_cpp -- -j4 -l4
[0.110s] [35m[1mConsolidate compiler generated dependencies of target pose_subscriber[0m
[0.114s] [ 33%] Built target publisher
[0.115s] [ 66%] Built target subscriber
[0.130s] [ 83%] [32mBuilding CXX object CMakeFiles/pose_subscriber.dir/src/pose_subscriber.cpp.o[0m
[4.257s] [100%] [32m[1mLinking CXX executable pose_subscriber[0m
[4.497s] [100%] Built target pose_subscriber
[4.507s] Invoked command in '/home/knalum/ros2_ws/build/my_robot_control_cpp' returned '0': CMAKE_PREFIX_PATH=${CMAKE_PREFIX_PATH}:/home/knalum/ros2_ws/install/my_robot_controller:/opt/ros/humble /usr/bin/cmake --build /home/knalum/ros2_ws/build/my_robot_control_cpp -- -j4 -l4
[4.542s] Invoking command in '/home/knalum/ros2_ws/build/my_robot_control_cpp': CMAKE_PREFIX_PATH=${CMAKE_PREFIX_PATH}:/home/knalum/ros2_ws/install/my_robot_controller:/opt/ros/humble /usr/bin/cmake --install /home/knalum/ros2_ws/build/my_robot_control_cpp
[4.547s] -- Install configuration: ""
[4.547s] -- Up-to-date: /home/knalum/ros2_ws/install/my_robot_control_cpp/lib/my_robot_control_cpp/publisher
[4.548s] -- Up-to-date: /home/knalum/ros2_ws/install/my_robot_control_cpp/lib/my_robot_control_cpp/subscriber
[4.548s] -- Installing: /home/knalum/ros2_ws/install/my_robot_control_cpp/lib/my_robot_control_cpp/pose_subscriber
[4.550s] -- Set runtime path of "/home/knalum/ros2_ws/install/my_robot_control_cpp/lib/my_robot_control_cpp/pose_subscriber" to ""
[4.550s] -- Up-to-date: /home/knalum/ros2_ws/install/my_robot_control_cpp/share/ament_index/resource_index/package_run_dependencies/my_robot_control_cpp
[4.550s] -- Up-to-date: /home/knalum/ros2_ws/install/my_robot_control_cpp/share/ament_index/resource_index/parent_prefix_path/my_robot_control_cpp
[4.550s] -- Up-to-date: /home/knalum/ros2_ws/install/my_robot_control_cpp/share/my_robot_control_cpp/environment/ament_prefix_path.sh
[4.550s] -- Up-to-date: /home/knalum/ros2_ws/install/my_robot_control_cpp/share/my_robot_control_cpp/environment/ament_prefix_path.dsv
[4.550s] -- Up-to-date: /home/knalum/ros2_ws/install/my_robot_control_cpp/share/my_robot_control_cpp/environment/path.sh
[4.550s] -- Up-to-date: /home/knalum/ros2_ws/install/my_robot_control_cpp/share/my_robot_control_cpp/environment/path.dsv
[4.550s] -- Up-to-date: /home/knalum/ros2_ws/install/my_robot_control_cpp/share/my_robot_control_cpp/local_setup.bash
[4.550s] -- Up-to-date: /home/knalum/ros2_ws/install/my_robot_control_cpp/share/my_robot_control_cpp/local_setup.sh
[4.550s] -- Up-to-date: /home/knalum/ros2_ws/install/my_robot_control_cpp/share/my_robot_control_cpp/local_setup.zsh
[4.550s] -- Up-to-date: /home/knalum/ros2_ws/install/my_robot_control_cpp/share/my_robot_control_cpp/local_setup.dsv
[4.550s] -- Installing: /home/knalum/ros2_ws/install/my_robot_control_cpp/share/my_robot_control_cpp/package.dsv
[4.550s] -- Up-to-date: /home/knalum/ros2_ws/install/my_robot_control_cpp/share/ament_index/resource_index/packages/my_robot_control_cpp
[4.550s] -- Up-to-date: /home/knalum/ros2_ws/install/my_robot_control_cpp/share/my_robot_control_cpp/cmake/my_robot_control_cppConfig.cmake
[4.550s] -- Up-to-date: /home/knalum/ros2_ws/install/my_robot_control_cpp/share/my_robot_control_cpp/cmake/my_robot_control_cppConfig-version.cmake
[4.550s] -- Up-to-date: /home/knalum/ros2_ws/install/my_robot_control_cpp/share/my_robot_control_cpp/package.xml
[4.552s] Invoked command in '/home/knalum/ros2_ws/build/my_robot_control_cpp' returned '0': CMAKE_PREFIX_PATH=${CMAKE_PREFIX_PATH}:/home/knalum/ros2_ws/install/my_robot_controller:/opt/ros/humble /usr/bin/cmake --install /home/knalum/ros2_ws/build/my_robot_control_cpp
