[0.501s] Invoking command in '/home/knalum/ros2_ws/build/my_robot_controller': PYTHONPATH=/home/knalum/ros2_ws/build/my_robot_controller/prefix_override:/home/knalum/ros2_ws/install/my_robot_controller/lib/python3.10/site-packages:${PYTHONPATH} /usr/bin/python3 setup.py develop --uninstall --editable --build-directory /home/knalum/ros2_ws/build/my_robot_controller/build
[0.634s] running develop
[0.708s] Removing /home/knalum/ros2_ws/install/my_robot_controller/lib/python3.10/site-packages/my-robot-controller.egg-link (link to .)
[0.723s] Invoked command in '/home/knalum/ros2_ws/build/my_robot_controller' returned '0': PYTHONPATH=/home/knalum/ros2_ws/build/my_robot_controller/prefix_override:/home/knalum/ros2_ws/install/my_robot_controller/lib/python3.10/site-packages:${PYTHONPATH} /usr/bin/python3 setup.py develop --uninstall --editable --build-directory /home/knalum/ros2_ws/build/my_robot_controller/build
[0.725s] Invoking command in '/home/knalum/ros2_ws/src/my_robot_controller': PYTHONPATH=/home/knalum/ros2_ws/build/my_robot_controller/prefix_override:/home/knalum/ros2_ws/install/my_robot_controller/lib/python3.10/site-packages:${PYTHONPATH} /usr/bin/python3 setup.py egg_info --egg-base ../../build/my_robot_controller build --build-base /home/knalum/ros2_ws/build/my_robot_controller/build install --record /home/knalum/ros2_ws/build/my_robot_controller/install.log --single-version-externally-managed
[0.851s] running egg_info
[0.851s] writing ../../build/my_robot_controller/my_robot_controller.egg-info/PKG-INFO
[0.851s] writing dependency_links to ../../build/my_robot_controller/my_robot_controller.egg-info/dependency_links.txt
[0.852s] writing entry points to ../../build/my_robot_controller/my_robot_controller.egg-info/entry_points.txt
[0.852s] writing requirements to ../../build/my_robot_controller/my_robot_controller.egg-info/requires.txt
[0.852s] writing top-level names to ../../build/my_robot_controller/my_robot_controller.egg-info/top_level.txt
[0.853s] reading manifest file '../../build/my_robot_controller/my_robot_controller.egg-info/SOURCES.txt'
[0.854s] writing manifest file '../../build/my_robot_controller/my_robot_controller.egg-info/SOURCES.txt'
[0.854s] running build
[0.854s] running build_py
[0.854s] copying my_robot_controller/draw_circle.py -> /home/knalum/ros2_ws/build/my_robot_controller/build/lib/my_robot_controller
[0.854s] copying my_robot_controller/turtle_controller.py -> /home/knalum/ros2_ws/build/my_robot_controller/build/lib/my_robot_controller
[0.854s] copying my_robot_controller/my_first_node.py -> /home/knalum/ros2_ws/build/my_robot_controller/build/lib/my_robot_controller
[0.854s] copying my_robot_controller/pose_subscriber.py -> /home/knalum/ros2_ws/build/my_robot_controller/build/lib/my_robot_controller
[0.855s] running install
[0.855s] running install_lib
[0.855s] creating /home/knalum/ros2_ws/install/my_robot_controller/lib/python3.10/site-packages/my_robot_controller
[0.855s] copying /home/knalum/ros2_ws/build/my_robot_controller/build/lib/my_robot_controller/draw_circle.py -> /home/knalum/ros2_ws/install/my_robot_controller/lib/python3.10/site-packages/my_robot_controller
[0.855s] copying /home/knalum/ros2_ws/build/my_robot_controller/build/lib/my_robot_controller/turtle_controller.py -> /home/knalum/ros2_ws/install/my_robot_controller/lib/python3.10/site-packages/my_robot_controller
[0.855s] copying /home/knalum/ros2_ws/build/my_robot_controller/build/lib/my_robot_controller/__init__.py -> /home/knalum/ros2_ws/install/my_robot_controller/lib/python3.10/site-packages/my_robot_controller
[0.855s] copying /home/knalum/ros2_ws/build/my_robot_controller/build/lib/my_robot_controller/my_first_node.py -> /home/knalum/ros2_ws/install/my_robot_controller/lib/python3.10/site-packages/my_robot_controller
[0.855s] copying /home/knalum/ros2_ws/build/my_robot_controller/build/lib/my_robot_controller/pose_subscriber.py -> /home/knalum/ros2_ws/install/my_robot_controller/lib/python3.10/site-packages/my_robot_controller
[0.856s] byte-compiling /home/knalum/ros2_ws/install/my_robot_controller/lib/python3.10/site-packages/my_robot_controller/draw_circle.py to draw_circle.cpython-310.pyc
[0.856s] byte-compiling /home/knalum/ros2_ws/install/my_robot_controller/lib/python3.10/site-packages/my_robot_controller/turtle_controller.py to turtle_controller.cpython-310.pyc
[0.856s] byte-compiling /home/knalum/ros2_ws/install/my_robot_controller/lib/python3.10/site-packages/my_robot_controller/__init__.py to __init__.cpython-310.pyc
[0.856s] byte-compiling /home/knalum/ros2_ws/install/my_robot_controller/lib/python3.10/site-packages/my_robot_controller/my_first_node.py to my_first_node.cpython-310.pyc
[0.856s] byte-compiling /home/knalum/ros2_ws/install/my_robot_controller/lib/python3.10/site-packages/my_robot_controller/pose_subscriber.py to pose_subscriber.cpython-310.pyc
[0.857s] running install_data
[0.857s] running install_egg_info
[0.858s] Copying ../../build/my_robot_controller/my_robot_controller.egg-info to /home/knalum/ros2_ws/install/my_robot_controller/lib/python3.10/site-packages/my_robot_controller-0.0.0-py3.10.egg-info
[0.859s] running install_scripts
[0.869s] Installing draw_circle script to /home/knalum/ros2_ws/install/my_robot_controller/lib/my_robot_controller
[0.869s] Installing pose_subscriber script to /home/knalum/ros2_ws/install/my_robot_controller/lib/my_robot_controller
[0.870s] Installing test_node script to /home/knalum/ros2_ws/install/my_robot_controller/lib/my_robot_controller
[0.870s] Installing turtle_controller script to /home/knalum/ros2_ws/install/my_robot_controller/lib/my_robot_controller
[0.870s] writing list of installed files to '/home/knalum/ros2_ws/build/my_robot_controller/install.log'
[0.884s] Invoked command in '/home/knalum/ros2_ws/src/my_robot_controller' returned '0': PYTHONPATH=/home/knalum/ros2_ws/build/my_robot_controller/prefix_override:/home/knalum/ros2_ws/install/my_robot_controller/lib/python3.10/site-packages:${PYTHONPATH} /usr/bin/python3 setup.py egg_info --egg-base ../../build/my_robot_controller build --build-base /home/knalum/ros2_ws/build/my_robot_controller/build install --record /home/knalum/ros2_ws/build/my_robot_controller/install.log --single-version-externally-managed
