[0.413s] Invoking command in '/home/knalum/ros2_ws/src/my_robot_controller': PYTHONPATH=/home/knalum/ros2_ws/build/my_robot_controller/prefix_override:/home/knalum/ros2_ws/install/my_robot_controller/lib/python3.10/site-packages:${PYTHONPATH} /usr/bin/python3 setup.py egg_info --egg-base ../../build/my_robot_controller build --build-base /home/knalum/ros2_ws/build/my_robot_controller/build install --record /home/knalum/ros2_ws/build/my_robot_controller/install.log --single-version-externally-managed
[0.545s] running egg_info
[0.546s] writing ../../build/my_robot_controller/my_robot_controller.egg-info/PKG-INFO
[0.546s] writing dependency_links to ../../build/my_robot_controller/my_robot_controller.egg-info/dependency_links.txt
[0.546s] writing entry points to ../../build/my_robot_controller/my_robot_controller.egg-info/entry_points.txt
[0.546s] writing requirements to ../../build/my_robot_controller/my_robot_controller.egg-info/requires.txt
[0.546s] writing top-level names to ../../build/my_robot_controller/my_robot_controller.egg-info/top_level.txt
[0.547s] reading manifest file '../../build/my_robot_controller/my_robot_controller.egg-info/SOURCES.txt'
[0.548s] writing manifest file '../../build/my_robot_controller/my_robot_controller.egg-info/SOURCES.txt'
[0.548s] running build
[0.548s] running build_py
[0.548s] running install
[0.548s] running install_lib
[0.549s] running install_data
[0.549s] running install_egg_info
[0.550s] removing '/home/knalum/ros2_ws/install/my_robot_controller/lib/python3.10/site-packages/my_robot_controller-0.0.0-py3.10.egg-info' (and everything under it)
[0.550s] Copying ../../build/my_robot_controller/my_robot_controller.egg-info to /home/knalum/ros2_ws/install/my_robot_controller/lib/python3.10/site-packages/my_robot_controller-0.0.0-py3.10.egg-info
[0.550s] running install_scripts
[0.562s] Installing draw_circle script to /home/knalum/ros2_ws/install/my_robot_controller/lib/my_robot_controller
[0.562s] Installing pose_subscriber script to /home/knalum/ros2_ws/install/my_robot_controller/lib/my_robot_controller
[0.562s] Installing test_node script to /home/knalum/ros2_ws/install/my_robot_controller/lib/my_robot_controller
[0.562s] Installing turtle_controller script to /home/knalum/ros2_ws/install/my_robot_controller/lib/my_robot_controller
[0.563s] writing list of installed files to '/home/knalum/ros2_ws/build/my_robot_controller/install.log'
[0.578s] Invoked command in '/home/knalum/ros2_ws/src/my_robot_controller' returned '0': PYTHONPATH=/home/knalum/ros2_ws/build/my_robot_controller/prefix_override:/home/knalum/ros2_ws/install/my_robot_controller/lib/python3.10/site-packages:${PYTHONPATH} /usr/bin/python3 setup.py egg_info --egg-base ../../build/my_robot_controller build --build-base /home/knalum/ros2_ws/build/my_robot_controller/build install --record /home/knalum/ros2_ws/build/my_robot_controller/install.log --single-version-externally-managed
