[0.378s] Invoking command in '/home/knalum/ros2_ws/build/my_robot_controller': PYTHONPATH=/home/knalum/ros2_ws/build/my_robot_controller/prefix_override:/home/knalum/ros2_ws/install/my_robot_controller/lib/python3.10/site-packages:${PYTHONPATH} /usr/bin/python3 setup.py develop --editable --build-directory /home/knalum/ros2_ws/build/my_robot_controller/build --no-deps install_data
[0.511s] running develop
[0.583s] running egg_info
[0.584s] writing my_robot_controller.egg-info/PKG-INFO
[0.585s] writing dependency_links to my_robot_controller.egg-info/dependency_links.txt
[0.585s] writing entry points to my_robot_controller.egg-info/entry_points.txt
[0.585s] writing requirements to my_robot_controller.egg-info/requires.txt
[0.586s] writing top-level names to my_robot_controller.egg-info/top_level.txt
[0.587s] reading manifest file 'my_robot_controller.egg-info/SOURCES.txt'
[0.587s] writing manifest file 'my_robot_controller.egg-info/SOURCES.txt'
[0.588s] running build_ext
[0.588s] Creating /home/knalum/ros2_ws/install/my_robot_controller/lib/python3.10/site-packages/my-robot-controller.egg-link (link to .)
[0.588s] Installing draw_circle script to /home/knalum/ros2_ws/install/my_robot_controller/lib/my_robot_controller
[0.589s] Installing pose_subscriber script to /home/knalum/ros2_ws/install/my_robot_controller/lib/my_robot_controller
[0.589s] Installing test_node script to /home/knalum/ros2_ws/install/my_robot_controller/lib/my_robot_controller
[0.589s] 
[0.589s] Installed /home/knalum/ros2_ws/build/my_robot_controller
[0.589s] running install_data
[0.589s] copying package.xml -> /home/knalum/ros2_ws/install/my_robot_controller/share/my_robot_controller
[0.604s] Invoked command in '/home/knalum/ros2_ws/build/my_robot_controller' returned '0': PYTHONPATH=/home/knalum/ros2_ws/build/my_robot_controller/prefix_override:/home/knalum/ros2_ws/install/my_robot_controller/lib/python3.10/site-packages:${PYTHONPATH} /usr/bin/python3 setup.py develop --editable --build-directory /home/knalum/ros2_ws/build/my_robot_controller/build --no-deps install_data
