[0.399s] Invoking command in '/home/knalum/ros2_ws/src/my_robot_controller': PYTHONPATH=/home/knalum/ros2_ws/build/my_robot_controller/prefix_override:/home/knalum/ros2_ws/install/my_robot_controller/lib/python3.10/site-packages:${PYTHONPATH} /usr/bin/python3 setup.py egg_info --egg-base ../../build/my_robot_controller build --build-base /home/knalum/ros2_ws/build/my_robot_controller/build install --record /home/knalum/ros2_ws/build/my_robot_controller/install.log --single-version-externally-managed
[0.523s] running egg_info
[0.523s] writing ../../build/my_robot_controller/my_robot_controller.egg-info/PKG-INFO
[0.524s] writing dependency_links to ../../build/my_robot_controller/my_robot_controller.egg-info/dependency_links.txt
[0.524s] writing entry points to ../../build/my_robot_controller/my_robot_controller.egg-info/entry_points.txt
[0.524s] writing requirements to ../../build/my_robot_controller/my_robot_controller.egg-info/requires.txt
[0.524s] writing top-level names to ../../build/my_robot_controller/my_robot_controller.egg-info/top_level.txt
[0.525s] reading manifest file '../../build/my_robot_controller/my_robot_controller.egg-info/SOURCES.txt'
[0.525s] writing manifest file '../../build/my_robot_controller/my_robot_controller.egg-info/SOURCES.txt'
[0.525s] running build
[0.525s] running build_py
[0.525s] copying my_robot_controller/my_first_node.py -> /home/knalum/ros2_ws/build/my_robot_controller/build/lib/my_robot_controller
[0.525s] running install
[0.526s] running install_lib
[0.526s] copying /home/knalum/ros2_ws/build/my_robot_controller/build/lib/my_robot_controller/my_first_node.py -> /home/knalum/ros2_ws/install/my_robot_controller/lib/python3.10/site-packages/my_robot_controller
[0.526s] byte-compiling /home/knalum/ros2_ws/install/my_robot_controller/lib/python3.10/site-packages/my_robot_controller/my_first_node.py to my_first_node.cpython-310.pyc
[0.526s] running install_data
[0.527s] running install_egg_info
[0.527s] removing '/home/knalum/ros2_ws/install/my_robot_controller/lib/python3.10/site-packages/my_robot_controller-0.0.0-py3.10.egg-info' (and everything under it)
[0.528s] Copying ../../build/my_robot_controller/my_robot_controller.egg-info to /home/knalum/ros2_ws/install/my_robot_controller/lib/python3.10/site-packages/my_robot_controller-0.0.0-py3.10.egg-info
[0.528s] running install_scripts
[0.539s] Installing test_node script to /home/knalum/ros2_ws/install/my_robot_controller/lib/my_robot_controller
[0.539s] writing list of installed files to '/home/knalum/ros2_ws/build/my_robot_controller/install.log'
[0.554s] Invoked command in '/home/knalum/ros2_ws/src/my_robot_controller' returned '0': PYTHONPATH=/home/knalum/ros2_ws/build/my_robot_controller/prefix_override:/home/knalum/ros2_ws/install/my_robot_controller/lib/python3.10/site-packages:${PYTHONPATH} /usr/bin/python3 setup.py egg_info --egg-base ../../build/my_robot_controller build --build-base /home/knalum/ros2_ws/build/my_robot_controller/build install --record /home/knalum/ros2_ws/build/my_robot_controller/install.log --single-version-externally-managed
