[0.382s] Invoking command in '/home/knalum/ros2_ws/src/my_robot_controller': PYTHONPATH=/home/knalum/ros2_ws/build/my_robot_controller/prefix_override:/home/knalum/ros2_ws/install/my_robot_controller/lib/python3.10/site-packages:${PYTHONPATH} /usr/bin/python3 setup.py egg_info --egg-base ../../build/my_robot_controller build --build-base /home/knalum/ros2_ws/build/my_robot_controller/build install --record /home/knalum/ros2_ws/build/my_robot_controller/install.log --single-version-externally-managed
[0.503s] running egg_info
[0.503s] writing ../../build/my_robot_controller/my_robot_controller.egg-info/PKG-INFO
[0.504s] writing dependency_links to ../../build/my_robot_controller/my_robot_controller.egg-info/dependency_links.txt
[0.504s] writing entry points to ../../build/my_robot_controller/my_robot_controller.egg-info/entry_points.txt
[0.504s] writing requirements to ../../build/my_robot_controller/my_robot_controller.egg-info/requires.txt
[0.504s] writing top-level names to ../../build/my_robot_controller/my_robot_controller.egg-info/top_level.txt
[0.505s] reading manifest file '../../build/my_robot_controller/my_robot_controller.egg-info/SOURCES.txt'
[0.505s] writing manifest file '../../build/my_robot_controller/my_robot_controller.egg-info/SOURCES.txt'
[0.505s] running build
[0.505s] running build_py
[0.506s] running install
[0.506s] running install_lib
[0.506s] running install_data
[0.506s] running install_egg_info
[0.507s] removing '/home/knalum/ros2_ws/install/my_robot_controller/lib/python3.10/site-packages/my_robot_controller-0.0.0-py3.10.egg-info' (and everything under it)
[0.507s] Copying ../../build/my_robot_controller/my_robot_controller.egg-info to /home/knalum/ros2_ws/install/my_robot_controller/lib/python3.10/site-packages/my_robot_controller-0.0.0-py3.10.egg-info
[0.508s] running install_scripts
[0.518s] writing list of installed files to '/home/knalum/ros2_ws/build/my_robot_controller/install.log'
[0.532s] Invoked command in '/home/knalum/ros2_ws/src/my_robot_controller' returned '0': PYTHONPATH=/home/knalum/ros2_ws/build/my_robot_controller/prefix_override:/home/knalum/ros2_ws/install/my_robot_controller/lib/python3.10/site-packages:${PYTHONPATH} /usr/bin/python3 setup.py egg_info --egg-base ../../build/my_robot_controller build --build-base /home/knalum/ros2_ws/build/my_robot_controller/build install --record /home/knalum/ros2_ws/build/my_robot_controller/install.log --single-version-externally-managed
