[0.467s] Invoking command in '/home/knalum/ros2_ws/build/my_robot_controller': PYTHONPATH=/home/knalum/ros2_ws/build/my_robot_controller/prefix_override:/home/knalum/ros2_ws/install/my_robot_controller/lib/python3.10/site-packages:${PYTHONPATH} /usr/bin/python3 setup.py develop --editable --build-directory /home/knalum/ros2_ws/build/my_robot_controller/build --no-deps install_data
[0.599s] running develop
[0.671s] running egg_info
[0.671s] writing my_robot_controller.egg-info/PKG-INFO
[0.671s] writing dependency_links to my_robot_controller.egg-info/dependency_links.txt
[0.671s] writing entry points to my_robot_controller.egg-info/entry_points.txt
[0.671s] writing requirements to my_robot_controller.egg-info/requires.txt
[0.671s] writing top-level names to my_robot_controller.egg-info/top_level.txt
[0.672s] reading manifest file 'my_robot_controller.egg-info/SOURCES.txt'
[0.673s] writing manifest file 'my_robot_controller.egg-info/SOURCES.txt'
[0.674s] running build_ext
[0.674s] Creating /home/knalum/ros2_ws/install/my_robot_controller/lib/python3.10/site-packages/my-robot-controller.egg-link (link to .)
[0.674s] Installing draw_circle script to /home/knalum/ros2_ws/install/my_robot_controller/lib/my_robot_controller
[0.674s] Installing pose_subscriber script to /home/knalum/ros2_ws/install/my_robot_controller/lib/my_robot_controller
[0.674s] Installing test_node script to /home/knalum/ros2_ws/install/my_robot_controller/lib/my_robot_controller
[0.674s] Installing turtle_controller script to /home/knalum/ros2_ws/install/my_robot_controller/lib/my_robot_controller
[0.674s] 
[0.674s] Installed /home/knalum/ros2_ws/build/my_robot_controller
[0.674s] running install_data
[0.689s] Invoked command in '/home/knalum/ros2_ws/build/my_robot_controller' returned '0': PYTHONPATH=/home/knalum/ros2_ws/build/my_robot_controller/prefix_override:/home/knalum/ros2_ws/install/my_robot_controller/lib/python3.10/site-packages:${PYTHONPATH} /usr/bin/python3 setup.py develop --editable --build-directory /home/knalum/ros2_ws/build/my_robot_controller/build --no-deps install_data
