[0.069s] Invoking command in '/home/knalum/ros2_ws/build/my_robot_control_cpp': CMAKE_PREFIX_PATH=${CMAKE_PREFIX_PATH}:/home/knalum/ros2_ws/install/my_robot_controller:/opt/ros/humble /usr/bin/cmake --build /home/knalum/ros2_ws/build/my_robot_control_cpp -- -j4 -l4
[0.087s] -- Found ament_cmake: 1.3.7 (/opt/ros/humble/share/ament_cmake/cmake)
[0.179s] -- Found rclcpp: 16.0.8 (/opt/ros/humble/share/rclcpp/cmake)
[0.202s] -- Found rosidl_generator_c: 3.1.5 (/opt/ros/humble/share/rosidl_generator_c/cmake)
[0.204s] -- Found rosidl_adapter: 3.1.5 (/opt/ros/humble/share/rosidl_adapter/cmake)
[0.208s] -- Found rosidl_generator_cpp: 3.1.5 (/opt/ros/humble/share/rosidl_generator_cpp/cmake)
[0.217s] -- Using all available rosidl_typesupport_c: rosidl_typesupport_fastrtps_c;rosidl_typesupport_introspection_c
[0.229s] -- Using all available rosidl_typesupport_cpp: rosidl_typesupport_fastrtps_cpp;rosidl_typesupport_introspection_cpp
[0.276s] -- Found rmw_implementation_cmake: 6.1.1 (/opt/ros/humble/share/rmw_implementation_cmake/cmake)
[0.277s] -- Found rmw_fastrtps_cpp: 6.2.6 (/opt/ros/humble/share/rmw_fastrtps_cpp/cmake)
[0.371s] -- Using RMW implementation 'rmw_fastrtps_cpp' as default
[0.500s] -- Found turtlesim: 1.4.2 (/opt/ros/humble/share/turtlesim/cmake)
[0.610s] [31mCMake Error at /opt/ros/humble/share/ament_cmake_target_dependencies/cmake/ament_target_dependencies.cmake:42 (message):
[0.610s]   ament_target_dependencies() the first argument must be a valid target name
[0.610s] Call Stack (most recent call first):
[0.610s]   CMakeLists.txt:23 (ament_target_dependencies)
[0.610s] 
[0.610s] [0m
[0.610s] -- Configuring incomplete, errors occurred!
[0.610s] See also "/home/knalum/ros2_ws/build/my_robot_control_cpp/CMakeFiles/CMakeOutput.log".
[0.614s] gmake: *** [Makefile:349: cmake_check_build_system] Error 1
[0.616s] Invoked command in '/home/knalum/ros2_ws/build/my_robot_control_cpp' returned '2': CMAKE_PREFIX_PATH=${CMAKE_PREFIX_PATH}:/home/knalum/ros2_ws/install/my_robot_controller:/opt/ros/humble /usr/bin/cmake --build /home/knalum/ros2_ws/build/my_robot_control_cpp -- -j4 -l4
