[0.452s] Invoking command in '/home/knalum/ros2_ws/src/my_robot_controller': PYTHONPATH=/home/knalum/ros2_ws/build/my_robot_controller/prefix_override:/home/knalum/ros2_ws/install/my_robot_controller/lib/python3.10/site-packages:${PYTHONPATH} /usr/bin/python3 setup.py egg_info --egg-base ../../build/my_robot_controller build --build-base /home/knalum/ros2_ws/build/my_robot_controller/build install --record /home/knalum/ros2_ws/build/my_robot_controller/install.log --single-version-externally-managed
[0.590s] running egg_info
[0.590s] writing ../../build/my_robot_controller/my_robot_controller.egg-info/PKG-INFO
[0.590s] writing dependency_links to ../../build/my_robot_controller/my_robot_controller.egg-info/dependency_links.txt
[0.590s] writing entry points to ../../build/my_robot_controller/my_robot_controller.egg-info/entry_points.txt
[0.591s] writing requirements to ../../build/my_robot_controller/my_robot_controller.egg-info/requires.txt
[0.591s] writing top-level names to ../../build/my_robot_controller/my_robot_controller.egg-info/top_level.txt
[0.592s] reading manifest file '../../build/my_robot_controller/my_robot_controller.egg-info/SOURCES.txt'
[0.593s] writing manifest file '../../build/my_robot_controller/my_robot_controller.egg-info/SOURCES.txt'
[0.593s] running build
[0.593s] running build_py
[0.593s] copying my_robot_controller/turtle_controller.py -> /home/knalum/ros2_ws/build/my_robot_controller/build/lib/my_robot_controller
[0.593s] copying my_robot_controller/pose_subscriber.py -> /home/knalum/ros2_ws/build/my_robot_controller/build/lib/my_robot_controller
[0.593s] running install
[0.593s] running install_lib
[0.594s] copying /home/knalum/ros2_ws/build/my_robot_controller/build/lib/my_robot_controller/turtle_controller.py -> /home/knalum/ros2_ws/install/my_robot_controller/lib/python3.10/site-packages/my_robot_controller
[0.594s] copying /home/knalum/ros2_ws/build/my_robot_controller/build/lib/my_robot_controller/pose_subscriber.py -> /home/knalum/ros2_ws/install/my_robot_controller/lib/python3.10/site-packages/my_robot_controller
[0.594s] byte-compiling /home/knalum/ros2_ws/install/my_robot_controller/lib/python3.10/site-packages/my_robot_controller/turtle_controller.py to turtle_controller.cpython-310.pyc
[0.595s] byte-compiling /home/knalum/ros2_ws/install/my_robot_controller/lib/python3.10/site-packages/my_robot_controller/pose_subscriber.py to pose_subscriber.cpython-310.pyc
[0.595s] running install_data
[0.595s] running install_egg_info
[0.596s] removing '/home/knalum/ros2_ws/install/my_robot_controller/lib/python3.10/site-packages/my_robot_controller-0.0.0-py3.10.egg-info' (and everything under it)
[0.597s] Copying ../../build/my_robot_controller/my_robot_controller.egg-info to /home/knalum/ros2_ws/install/my_robot_controller/lib/python3.10/site-packages/my_robot_controller-0.0.0-py3.10.egg-info
[0.597s] running install_scripts
[0.611s] Installing draw_circle script to /home/knalum/ros2_ws/install/my_robot_controller/lib/my_robot_controller
[0.611s] Installing pose_subscriber script to /home/knalum/ros2_ws/install/my_robot_controller/lib/my_robot_controller
[0.611s] Installing test_node script to /home/knalum/ros2_ws/install/my_robot_controller/lib/my_robot_controller
[0.611s] Installing turtle_controller script to /home/knalum/ros2_ws/install/my_robot_controller/lib/my_robot_controller
[0.612s] writing list of installed files to '/home/knalum/ros2_ws/build/my_robot_controller/install.log'
[0.628s] Invoked command in '/home/knalum/ros2_ws/src/my_robot_controller' returned '0': PYTHONPATH=/home/knalum/ros2_ws/build/my_robot_controller/prefix_override:/home/knalum/ros2_ws/install/my_robot_controller/lib/python3.10/site-packages:${PYTHONPATH} /usr/bin/python3 setup.py egg_info --egg-base ../../build/my_robot_controller build --build-base /home/knalum/ros2_ws/build/my_robot_controller/build install --record /home/knalum/ros2_ws/build/my_robot_controller/install.log --single-version-externally-managed
